[debug] [2024-09-15T16:30:57.811Z] ----------------------------------------------------------------------
[debug] [2024-09-15T16:30:57.815Z] Command:       C:\Program Files\nodejs\node.exe C:\Users\DELL\AppData\Roaming\npm\node_modules\firebase-tools\lib\bin\firebase.js init
[debug] [2024-09-15T16:30:57.816Z] CLI Version:   13.17.0
[debug] [2024-09-15T16:30:57.816Z] Platform:      win32
[debug] [2024-09-15T16:30:57.816Z] Node Version:  v20.14.0
[debug] [2024-09-15T16:30:57.816Z] Time:          Sun Sep 15 2024 22:00:57 GMT+0530 (India Standard Time)
[debug] [2024-09-15T16:30:57.817Z] ----------------------------------------------------------------------
[debug] 
[debug] [2024-09-15T16:30:57.826Z] > command requires scopes: ["email","openid","https://www.googleapis.com/auth/cloudplatformprojects.readonly","https://www.googleapis.com/auth/firebase","https://www.googleapis.com/auth/cloud-platform"]
[debug] [2024-09-15T16:30:57.826Z] > authorizing via signed-in user (saurabhpatel4589@gmail.com)
[info] 
     ######## #### ########  ######## ########     ###     ######  ########
     ##        ##  ##     ## ##       ##     ##  ##   ##  ##       ##
     ######    ##  ########  ######   ########  #########  ######  ######
     ##        ##  ##    ##  ##       ##     ## ##     ##       ## ##
     ##       #### ##     ## ######## ########  ##     ##  ######  ########

You're about to initialize a Firebase project in this directory:

  C:\Users\DELL\Documents\GitHub\FarmersFresh

[info] 
=== Project Setup
[info] 
[info] First, let's associate this project directory with a Firebase project.
[info] You can create multiple project aliases by running firebase use --add, 
[info] but for now we'll just set up a default project.
[info] 
[debug] [2024-09-15T16:31:59.067Z] >>> [apiv2][query] GET https://firebase.googleapis.com/v1beta1/projects pageSize=100
[debug] [2024-09-15T16:32:00.253Z] <<< [apiv2][status] GET https://firebase.googleapis.com/v1beta1/projects 200
[debug] [2024-09-15T16:32:00.253Z] <<< [apiv2][body] GET https://firebase.googleapis.com/v1beta1/projects [omitted]
[info] i  Using project fresh-from-farmerzzz (fresh-from-farmerzzz) 
[info] 
=== Hosting Setup
[debug] [2024-09-15T16:32:12.944Z] >>> [apiv2][query] GET https://firebase.googleapis.com/v1beta1/projects/fresh-from-farmerzzz [none]
[debug] [2024-09-15T16:32:13.761Z] <<< [apiv2][status] GET https://firebase.googleapis.com/v1beta1/projects/fresh-from-farmerzzz 200
[debug] [2024-09-15T16:32:13.762Z] <<< [apiv2][body] GET https://firebase.googleapis.com/v1beta1/projects/fresh-from-farmerzzz {"projectId":"fresh-from-farmerzzz","projectNumber":"792520875008","displayName":"fresh-from-farmerzzz","name":"projects/fresh-from-farmerzzz","resources":{"hostingSite":"fresh-from-farmerzzz"},"state":"ACTIVE","etag":"1_b4129599-b448-4f32-aa8f-711124f7f139"}
[info] 
[info] Your public directory is the folder (relative to your project directory) that
[info] will contain Hosting assets to be uploaded with firebase deploy. If you
[info] have a build process for your assets, use your build's output directory.
[info] 
[debug] [2024-09-15T16:33:20.323Z] >>> [apiv2][query] GET https://www.gstatic.com/firebasejs/releases.json [none]
[debug] [2024-09-15T16:33:21.093Z] <<< [apiv2][status] GET https://www.gstatic.com/firebasejs/releases.json 200
[debug] [2024-09-15T16:33:21.094Z] <<< [apiv2][body] GET https://www.gstatic.com/firebasejs/releases.json {"current":{"version":"10.13.1","browserURL":"https://www.gstatic.com/firebasejs/10.13.1/firebase.js","packageURL":"https://www.gstatic.com/firebasejs/10.13.1/firebase.tgz"},"live":{"version":"10.13","browserURL":"https://www.gstatic.com/firebasejs/live/10.13/firebase.js","packageURL":"https://www.gstatic.com/firebasejs/live/10.13/firebase.tgz"},"components":{"analytics":"https://www.gstatic.com/firebasejs/10.13.1/firebase-analytics.js","app":"https://www.gstatic.com/firebasejs/10.13.1/firebase-app.js","app-check":"https://www.gstatic.com/firebasejs/10.13.1/firebase-app-check.js","auth":"https://www.gstatic.com/firebasejs/10.13.1/firebase-auth.js","auth/cordova":"https://www.gstatic.com/firebasejs/10.13.1/firebase-auth/cordova.js","auth/web-extension":"https://www.gstatic.com/firebasejs/10.13.1/firebase-auth/web-extension.js","functions":"https://www.gstatic.com/firebasejs/10.13.1/firebase-functions.js","firestore":"https://www.gstatic.com/firebasejs/10.13.1/firebase-firestore.js","firestore/lite":"https://www.gstatic.com/firebasejs/10.13.1/firebase-firestore/lite.js","installations":"https://www.gstatic.com/firebasejs/10.13.1/firebase-installations.js","storage":"https://www.gstatic.com/firebasejs/10.13.1/firebase-storage.js","performance":"https://www.gstatic.com/firebasejs/10.13.1/firebase-performance.js","remote-config":"https://www.gstatic.com/firebasejs/10.13.1/firebase-remote-config.js","messaging":"https://www.gstatic.com/firebasejs/10.13.1/firebase-messaging.js","messaging/sw":"https://www.gstatic.com/firebasejs/10.13.1/firebase-messaging/sw.js","database":"https://www.gstatic.com/firebasejs/10.13.1/firebase-database.js","vertexai-preview":"https://www.gstatic.com/firebasejs/10.13.1/firebase-vertexai-preview.js","firestore.memory":"https://www.gstatic.com/firebasejs/10.13.1/firebase-firestore.memory.js"}}
[info] +  Wrote build/index.html 
[info] 
[info] i  Detected a .git folder at C:\Users\DELL\Documents\GitHub\FarmersFresh 
[info] i  Authorizing with GitHub to upload your service account to a GitHub repository's secrets store. 
[info] 
[info] Visit this URL on this device to log in:
[info] https://github.com/login/oauth/authorize?client_id=89cf50f02ac6aaed3484&state=424401698&redirect_uri=http%3A%2F%2Flocalhost%3A9005&scope=read%3Auser%20repo%20public_repo
[info] 
[info] Waiting for authentication...
[debug] [2024-09-15T16:33:42.730Z] >>> [apiv2][query] POST https://github.com/login/oauth/access_token [none]
[debug] [2024-09-15T16:33:42.731Z] >>> [apiv2][body] POST https://github.com/login/oauth/access_token [stream]
[debug] [2024-09-15T16:33:43.778Z] <<< [apiv2][status] POST https://github.com/login/oauth/access_token 200
[debug] [2024-09-15T16:33:43.778Z] <<< [apiv2][body] POST https://github.com/login/oauth/access_token {"access_token":"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","token_type":"bearer","scope":"read:user,repo"}
[debug] [2024-09-15T16:33:43.792Z] >>> [apiv2][query] GET https://api.github.com/user [none]
[debug] [2024-09-15T16:33:44.735Z] <<< [apiv2][status] GET https://api.github.com/user 200
[debug] [2024-09-15T16:33:44.736Z] <<< [apiv2][body] GET https://api.github.com/user {"login":"18-saurabh","id":139550710,"node_id":"U_kgDOCFFf9g","avatar_url":"https://avatars.githubusercontent.com/u/139550710?v=4","gravatar_id":"","url":"https://api.github.com/users/18-saurabh","html_url":"https://github.com/18-saurabh","followers_url":"https://api.github.com/users/18-saurabh/followers","following_url":"https://api.github.com/users/18-saurabh/following{/other_user}","gists_url":"https://api.github.com/users/18-saurabh/gists{/gist_id}","starred_url":"https://api.github.com/users/18-saurabh/starred{/owner}{/repo}","subscriptions_url":"https://api.github.com/users/18-saurabh/subscriptions","organizations_url":"https://api.github.com/users/18-saurabh/orgs","repos_url":"https://api.github.com/users/18-saurabh/repos","events_url":"https://api.github.com/users/18-saurabh/events{/privacy}","received_events_url":"https://api.github.com/users/18-saurabh/received_events","type":"User","site_admin":false,"name":"Saurabh Patel","company":null,"blog":"","location":null,"email":null,"hireable":null,"bio":null,"twitter_username":null,"notification_email":null,"public_repos":0,"public_gists":0,"followers":1,"following":2,"created_at":"2023-07-14T10:32:10Z","updated_at":"2024-08-19T03:10:50Z","private_gists":0,"total_private_repos":5,"owned_private_repos":5,"disk_usage":1722,"collaborators":0,"two_factor_authentication":false,"plan":{"name":"free","space":976562499,"collaborators":0,"private_repos":10000}}
[info] 
[info] +  Success! Logged into GitHub as 18-saurabh 
[info] 
[debug] [2024-09-15T17:12:29.951Z] ----------------------------------------------------------------------
[debug] [2024-09-15T17:12:29.954Z] Command:       C:\Program Files\nodejs\node.exe C:\Users\DELL\AppData\Roaming\npm\node_modules\firebase-tools\lib\bin\firebase.js deploy --debug
[debug] [2024-09-15T17:12:29.955Z] CLI Version:   13.17.0
[debug] [2024-09-15T17:12:29.955Z] Platform:      win32
[debug] [2024-09-15T17:12:29.955Z] Node Version:  v20.14.0
[debug] [2024-09-15T17:12:29.955Z] Time:          Sun Sep 15 2024 22:42:29 GMT+0530 (India Standard Time)
[debug] [2024-09-15T17:12:29.955Z] ----------------------------------------------------------------------
[debug] 
[error] 
[error] Error: Not in a Firebase app directory (could not locate firebase.json)
